#
# A fatal error has been detected by the Java Runtime Environment:
#
#  SIGBUS (0xa) at pc=0x000000010b190e92, pid=980, tid=0x0000000000006507
#
# JRE version: Java(TM) SE Runtime Environment (8.0_121-b13) (build 1.8.0_121-b13)
# Java VM: Java HotSpot(TM) 64-Bit Server VM (25.121-b13 mixed mode bsd-amd64 compressed oops)
# Problematic frame:
# C  [libzip.dylib+0x2e92]  newEntry+0x154
#
# Failed to write core dump. Core dumps have been disabled. To enable core dumping, try "ulimit -c unlimited" before starting Java again
#
# If you would like to submit a bug report, please visit:
#   http://bugreport.java.com/bugreport/crash.jsp
# The crash happened outside the Java Virtual Machine in native code.
# See problematic frame for where to report the bug.
#

---------------  T H R E A D  ---------------

Current thread (0x00007fb5a83ef000):  JavaThread "rebel-messaging-executor-38" daemon [_thread_in_native, id=25863, stack(0x0000700009189000,0x0000700009289000)]

siginfo: si_signo: 10 (SIGBUS), si_code: 2 (BUS_ADRERR), si_addr: 0x000000010f652c99

Registers:
RAX=0x00007fb5a6f05f50, RBX=0x000000010f652c8d, RCX=0x0000000000000001, RDX=0x0000000000000700
RSP=0x0000700009286c50, RBP=0x0000700009286cb0, RSI=0x0000000001000000, RDI=0x00000000000007a7
R8 =0x0000000000000048, R9 =0x00007fb5a9c7a730, R10=0x00000000ff000000, R11=0x000000010c815c92
R12=0x00007fb5a803c400, R13=0x000000000001b930, R14=0x000000004ca1df44, R15=0x00007fb5b2187b10
RIP=0x000000010b190e92, EFLAGS=0x0000000000010206, ERR=0x0000000000000004
  TRAPNO=0x000000000000000e

Top of Stack: (sp=0x0000700009286c50)
0x0000700009286c50:   0000700009286c90 000000000c3ba14f
0x0000700009286c60:   407f9a83deb6a692 00007fb5a6c0ec80
0x0000700009286c70:   0000700009286c90 00007fb5a6f05f50
0x0000700009286c80:   00007fb5a9c7a730 00007fb5a6f05f50
0x0000700009286c90:   00007fb5a803c400 000000000001b930
0x0000700009286ca0:   000000004ca1df44 00007fb5b2187b10
0x0000700009286cb0:   0000700009286d10 000000010b19152d
0x0000700009286cc0:   00007fb5a6d1a717 00007fb5a6d1a716
0x0000700009286cd0:   0000002500000000 0000002600000000
0x0000700009286ce0:   00007fb5a6d1a6f0 0000700009286d64
0x0000700009286cf0:   00007fb5a6f05e20 000000010cabacb0
0x0000700009286d00:   0000700009286e34 00007fb5a6d1a6f0
0x0000700009286d10:   0000700009286d40 000000010b19169b
0x0000700009286d20:   0000700009286d40 0000000000000000
0x0000700009286d30:   0000700009286e34 00007fb5a6d1a6f0
0x0000700009286d40:   0000700009286e20 000000010c38b8d7
0x0000700009286d50:   0000700009286d70 0000003000000018
0x0000700009286d60:   0000700009286d80 00007fb5a83ef000
0x0000700009286d70:   0000700009286e50 000000010c440f66
0x0000700009286d80:   0000000000000000 000000012bcd9bc8
0x0000700009286d90:   00007fb5a6d1a590 0000000000000020
0x0000700009286da0:   000000000000006b 00007fb5a9c2d8a0
0x0000700009286db0:   0000700009286dc0 000000010c68a0d9
0x0000700009286dc0:   0000700009286de0 000000010c771cc5
0x0000700009286dd0:   00007000092875f0 00007fb5a83ef000
0x0000700009286de0:   0000700009286e20 000000010c38b1b8
0x0000700009286df0:   9994a123946800b6 00007fb5a83ef000
0x0000700009286e00:   0000000000000007 000000010cabacb0
0x0000700009286e10:   00007fb5a6f05e20 00007fb5a6c158f0
0x0000700009286e20:   0000700009286e50 000000010c38a5d0
0x0000700009286e30:   0000700009286e50 00007fb5a83ef000
0x0000700009286e40:   00007fb5a6d1a6f0 00007fb5a6c158f0 

Instructions: (pc=0x000000010b190e92)
0x000000010b190e72:   49 8b 7f 38 e8 5b 1b 00 00 4d 89 77 38 49 89 5f
0x000000010b190e82:   40 4c 89 f0 48 85 c0 0f 84 11 05 00 00 48 89 c3
0x000000010b190e92:   0f b6 43 0c 0f b6 4b 0d 48 c1 e1 08 48 01 c1 0f
0x000000010b190ea2:   b6 43 0e 0f b6 53 0f 48 c1 e2 08 48 01 c2 48 c1 

Register to memory mapping:

RAX=0x00007fb5a6f05f50 is an unknown value
RBX=0x000000010f652c8d is an unknown value
RCX=0x0000000000000001 is an unknown value
RDX=0x0000000000000700 is an unknown value
RSP=0x0000700009286c50 is pointing into the stack for thread: 0x00007fb5a83ef000
RBP=0x0000700009286cb0 is pointing into the stack for thread: 0x00007fb5a83ef000
RSI=0x0000000001000000 is an unknown value
RDI=0x00000000000007a7 is an unknown value
R8 =0x0000000000000048 is an unknown value
R9 =0x00007fb5a9c7a730 is an unknown value
R10=0x00000000ff000000 is an unknown value
R11=0x000000010c815c92: _ZL12out_of_nodes+0x1082 in /Library/Java/JavaVirtualMachines/jdk1.8.0_121.jdk/Contents/Home/jre/lib/server/libjvm.dylib at 0x000000010c200000
R12=0x00007fb5a803c400 is an unknown value
R13=0x000000000001b930 is an unknown value
R14=0x000000004ca1df44 is an unknown value
R15=0x00007fb5b2187b10 is an unknown value


Stack: [0x0000700009189000,0x0000700009289000],  sp=0x0000700009286c50,  free space=1015k
Native frames: (J=compiled Java code, j=interpreted, Vv=VM code, C=native code)
C  [libzip.dylib+0x2e92]  newEntry+0x154
C  [libzip.dylib+0x352d]  ZIP_GetEntry2+0xd4
C  [libzip.dylib+0x369b]  ZIP_FindEntry+0x1a
V  [libjvm.dylib+0x18b8d7]
V  [libjvm.dylib+0x18a5d0]
V  [libjvm.dylib+0x18aa72]
V  [libjvm.dylib+0x53baad]
V  [libjvm.dylib+0x53b45a]
V  [libjvm.dylib+0x53beae]
V  [libjvm.dylib+0x53c561]
V  [libjvm.dylib+0x1e291a]
V  [libjvm.dylib+0x1f2d2a]
V  [libjvm.dylib+0x44f181]
V  [libjvm.dylib+0x2e99df]
j  com.zeroturnaround.javarebel.caj.a()Lcom/zeroturnaround/javarebel/bhv;+38
j  com.zeroturnaround.javarebel.bsa.a()Lcom/zeroturnaround/javarebel/bhz;+8
j  com.zeroturnaround.javarebel.bwo.a()Lcom/zeroturnaround/javarebel/bhz;+1
j  com.zeroturnaround.javarebel.bxk.a()Lcom/zeroturnaround/javarebel/bhz;+6
j  com.zeroturnaround.javarebel.ceh.c(Lcom/zeroturnaround/javarebel/bhw;Lcom/zeroturnaround/javarebel/bhl;Lcom/zeroturnaround/javarebel/ceb;)Lcom/zeroturnaround/javarebel/bhz;+41
j  com.zeroturnaround.javarebel.ceh.a(Lcom/zeroturnaround/javarebel/bhw;Lcom/zeroturnaround/javarebel/bhl;Lcom/zeroturnaround/javarebel/ceb;)Lcom/zeroturnaround/javarebel/bhz;+39
j  com.zeroturnaround.javarebel.bux.a(Lcom/zeroturnaround/javarebel/bvw;Lcom/zeroturnaround/javarebel/ceb;)Lcom/zeroturnaround/javarebel/bhz;+198
j  com.zeroturnaround.javarebel.bux.a(Lcom/zeroturnaround/javarebel/bht;Lcom/zeroturnaround/javarebel/bhw;Lcom/zeroturnaround/javarebel/ceb;)Lcom/zeroturnaround/javarebel/bhz;+578
j  com.zeroturnaround.javarebel.bub.a(Lcom/zeroturnaround/javarebel/bht;Lcom/zeroturnaround/javarebel/bhw;Lcom/zeroturnaround/javarebel/ceb;)Lcom/zeroturnaround/javarebel/blf;+362
j  com.zeroturnaround.javarebel.bul.a(Lcom/zeroturnaround/javarebel/blv;Lcom/zeroturnaround/javarebel/ceb;)Lcom/zeroturnaround/javarebel/blf;+14
j  com.zeroturnaround.javarebel.bul.a(Lcom/zeroturnaround/javarebel/blv;)Lcom/zeroturnaround/javarebel/blf;+6
j  org.zeroturnaround.javarebel.reporting.backend.impl.SegmentIOBackend$HttpBackend.doSend(Ljava/lang/String;Ljava/lang/String;)V+88
j  org.zeroturnaround.javarebel.reporting.backend.impl.SegmentIOBackend$HttpBackend.sendMessage(Ljava/lang/String;Ljava/lang/String;)V+39
j  org.zeroturnaround.javarebel.reporting.backend.impl.SegmentIOBackend.sendMessage(Ljava/lang/String;Lorg/zeroturnaround/javarebel/reporting/backend/impl/SegmentIOBackend$METHOD;)V+16
j  org.zeroturnaround.javarebel.reporting.backend.impl.SegmentIOBackend.sendMessage(Lorg/zeroturnaround/javarebel/reporting/model/ReportMessage;)V+79
j  org.zeroturnaround.javarebel.reporting.backend.LazyInitMessageBackendDecorator.sendMessage(Lorg/zeroturnaround/javarebel/reporting/model/ReportMessage;)V+60
j  org.zeroturnaround.javarebel.reporting.MixpanelMetrics.send(Lorg/zeroturnaround/javarebel/reporting/model/ReportMessage;Lorg/zeroturnaround/javarebel/reporting/backend/MessageBackend;Ljava/util/Collection;Ljava/util/Collection;)V+2
j  org.zeroturnaround.javarebel.reporting.MixpanelMetrics.filterAndSend(Lorg/zeroturnaround/javarebel/reporting/model/ReportMessage;Lorg/zeroturnaround/javarebel/reporting/backend/MessageBackend;Ljava/util/Collection;Ljava/util/Collection;)V+59
j  org.zeroturnaround.javarebel.reporting.MixpanelMetrics.access$800(Lorg/zeroturnaround/javarebel/reporting/MixpanelMetrics;Lorg/zeroturnaround/javarebel/reporting/model/ReportMessage;Lorg/zeroturnaround/javarebel/reporting/backend/MessageBackend;Ljava/util/Collection;Ljava/util/Collection;)V+6
j  org.zeroturnaround.javarebel.reporting.MixpanelMetrics$10.run()V+32
j  org.zeroturnaround.javarebel.reporting.MetricsExecutor.runTask(Lorg/zeroturnaround/javarebel/reporting/MetricsExecutor$DelayedRunnable;)V+4
j  org.zeroturnaround.javarebel.reporting.MetricsExecutor.run()V+57
j  java.lang.Thread.run()V+15
v  ~StubRoutines::call_stub
V  [libjvm.dylib+0x2ed9d6]
V  [libjvm.dylib+0x2ee164]
V  [libjvm.dylib+0x2ee310]
V  [libjvm.dylib+0x348a5d]
V  [libjvm.dylib+0x56ab0f]
V  [libjvm.dylib+0x56c1fc]
V  [libjvm.dylib+0x48a5b2]
C  [libsystem_pthread.dylib+0x393b]  _pthread_body+0xb4
C  [libsystem_pthread.dylib+0x3887]  _pthread_body+0x0
C  [libsystem_pthread.dylib+0x308d]  thread_start+0xd
C  0x0000000000000000

Java frames: (J=compiled Java code, j=interpreted, Vv=VM code)
j  com.zeroturnaround.javarebel.caj.a()Lcom/zeroturnaround/javarebel/bhv;+38
j  com.zeroturnaround.javarebel.bsa.a()Lcom/zeroturnaround/javarebel/bhz;+8
j  com.zeroturnaround.javarebel.bwo.a()Lcom/zeroturnaround/javarebel/bhz;+1
j  com.zeroturnaround.javarebel.bxk.a()Lcom/zeroturnaround/javarebel/bhz;+6
j  com.zeroturnaround.javarebel.ceh.c(Lcom/zeroturnaround/javarebel/bhw;Lcom/zeroturnaround/javarebel/bhl;Lcom/zeroturnaround/javarebel/ceb;)Lcom/zeroturnaround/javarebel/bhz;+41
j  com.zeroturnaround.javarebel.ceh.a(Lcom/zeroturnaround/javarebel/bhw;Lcom/zeroturnaround/javarebel/bhl;Lcom/zeroturnaround/javarebel/ceb;)Lcom/zeroturnaround/javarebel/bhz;+39
j  com.zeroturnaround.javarebel.bux.a(Lcom/zeroturnaround/javarebel/bvw;Lcom/zeroturnaround/javarebel/ceb;)Lcom/zeroturnaround/javarebel/bhz;+198
j  com.zeroturnaround.javarebel.bux.a(Lcom/zeroturnaround/javarebel/bht;Lcom/zeroturnaround/javarebel/bhw;Lcom/zeroturnaround/javarebel/ceb;)Lcom/zeroturnaround/javarebel/bhz;+578
j  com.zeroturnaround.javarebel.bub.a(Lcom/zeroturnaround/javarebel/bht;Lcom/zeroturnaround/javarebel/bhw;Lcom/zeroturnaround/javarebel/ceb;)Lcom/zeroturnaround/javarebel/blf;+362
j  com.zeroturnaround.javarebel.bul.a(Lcom/zeroturnaround/javarebel/blv;Lcom/zeroturnaround/javarebel/ceb;)Lcom/zeroturnaround/javarebel/blf;+14
j  com.zeroturnaround.javarebel.bul.a(Lcom/zeroturnaround/javarebel/blv;)Lcom/zeroturnaround/javarebel/blf;+6
j  org.zeroturnaround.javarebel.reporting.backend.impl.SegmentIOBackend$HttpBackend.doSend(Ljava/lang/String;Ljava/lang/String;)V+88
j  org.zeroturnaround.javarebel.reporting.backend.impl.SegmentIOBackend$HttpBackend.sendMessage(Ljava/lang/String;Ljava/lang/String;)V+39
j  org.zeroturnaround.javarebel.reporting.backend.impl.SegmentIOBackend.sendMessage(Ljava/lang/String;Lorg/zeroturnaround/javarebel/reporting/backend/impl/SegmentIOBackend$METHOD;)V+16
j  org.zeroturnaround.javarebel.reporting.backend.impl.SegmentIOBackend.sendMessage(Lorg/zeroturnaround/javarebel/reporting/model/ReportMessage;)V+79
j  org.zeroturnaround.javarebel.reporting.backend.LazyInitMessageBackendDecorator.sendMessage(Lorg/zeroturnaround/javarebel/reporting/model/ReportMessage;)V+60
j  org.zeroturnaround.javarebel.reporting.MixpanelMetrics.send(Lorg/zeroturnaround/javarebel/reporting/model/ReportMessage;Lorg/zeroturnaround/javarebel/reporting/backend/MessageBackend;Ljava/util/Collection;Ljava/util/Collection;)V+2
j  org.zeroturnaround.javarebel.reporting.MixpanelMetrics.filterAndSend(Lorg/zeroturnaround/javarebel/reporting/model/ReportMessage;Lorg/zeroturnaround/javarebel/reporting/backend/MessageBackend;Ljava/util/Collection;Ljava/util/Collection;)V+59
j  org.zeroturnaround.javarebel.reporting.MixpanelMetrics.access$800(Lorg/zeroturnaround/javarebel/reporting/MixpanelMetrics;Lorg/zeroturnaround/javarebel/reporting/model/ReportMessage;Lorg/zeroturnaround/javarebel/reporting/backend/MessageBackend;Ljava/util/Collection;Ljava/util/Collection;)V+6
j  org.zeroturnaround.javarebel.reporting.MixpanelMetrics$10.run()V+32
j  org.zeroturnaround.javarebel.reporting.MetricsExecutor.runTask(Lorg/zeroturnaround/javarebel/reporting/MetricsExecutor$DelayedRunnable;)V+4
j  org.zeroturnaround.javarebel.reporting.MetricsExecutor.run()V+57
j  java.lang.Thread.run()V+15
v  ~StubRoutines::call_stub

---------------  P R O C E S S  ---------------

Java Threads: ( => current thread )
  0x00007fb5b3945800 JavaThread "Intermediate Collector" daemon [_thread_blocked, id=36615, stack(0x000070000aa27000,0x000070000ab27000)]
  0x00007fb5ab48b800 JavaThread "rebel-IDENotificationsImpl-PostCycle" daemon [_thread_blocked, id=5131, stack(0x000070000a924000,0x000070000aa24000)]
  0x00007fb5b3f58000 JavaThread "MessageBroker-2" [_thread_blocked, id=32007, stack(0x000070000928c000,0x000070000938c000)]
  0x00007fb5aa185800 JavaThread "MessageBroker-1" [_thread_blocked, id=36099, stack(0x000070000a821000,0x000070000a921000)]
  0x00007fb5b13b3800 JavaThread "qtp1350355707-73" [_thread_blocked, id=35587, stack(0x000070000a71e000,0x000070000a81e000)]
  0x00007fb5b1110000 JavaThread "qtp1350355707-72" [_thread_blocked, id=35075, stack(0x000070000a61b000,0x000070000a71b000)]
  0x00007fb5afd4c800 JavaThread "qtp1350355707-71" [_thread_blocked, id=34563, stack(0x000070000a518000,0x000070000a618000)]
  0x00007fb5a7b10000 JavaThread "qtp1350355707-70" [_thread_blocked, id=34051, stack(0x000070000a415000,0x000070000a515000)]
  0x00007fb5a7b12000 JavaThread "qtp1350355707-69 Acceptor1 SelectChannelConnector@0.0.0.0:9527" [_thread_blocked, id=33039, stack(0x000070000a312000,0x000070000a412000)]
  0x00007fb5b0d81800 JavaThread "qtp1350355707-68 Acceptor0 SelectChannelConnector@0.0.0.0:9527" [_thread_in_native, id=32527, stack(0x000070000a20f000,0x000070000a30f000)]
  0x00007fb5a7163800 JavaThread "qtp1350355707-67 Selector1" [_thread_in_native, id=31495, stack(0x000070000a009000,0x000070000a109000)]
  0x00007fb5a754d000 JavaThread "qtp1350355707-66 Selector0" [_thread_in_native, id=28171, stack(0x0000700009f06000,0x000070000a006000)]
  0x00007fb5a708a000 JavaThread "HashSessionScavenger-0" daemon [_thread_blocked, id=4111, stack(0x00007000098c9000,0x00007000099c9000)]
  0x00007fb5ae82c800 JavaThread "rebel-spring-cleaner" daemon [_thread_blocked, id=25355, stack(0x0000700009dd8000,0x0000700009ed8000)]
  0x00007fb5a757d000 JavaThread "rebel-weak-reaper" daemon [_thread_blocked, id=33539, stack(0x000070000a10c000,0x000070000a20c000)]
  0x00007fb5a90f0800 JavaThread "rebel-change-detector-thread" daemon [_thread_blocked, id=30979, stack(0x0000700009cd5000,0x0000700009dd5000)]
  0x00007fb5a7371800 JavaThread "rebel-debugger-thread" daemon [_thread_blocked, id=29959, stack(0x0000700009bd2000,0x0000700009cd2000)]
  0x00007fb5aa146800 JavaThread "rebel-debugger-attach-notifier" daemon [_thread_blocked, id=28423, stack(0x0000700009acf000,0x0000700009bcf000)]
  0x00007fb5a8b3e000 JavaThread "rebel-heartbeat-thread" daemon [_thread_blocked, id=30471, stack(0x00007000099cc000,0x0000700009acc000)]
  0x00007fb5aa051800 JavaThread "rebel-redeploy-thread" daemon [_thread_blocked, id=24839, stack(0x000070000938f000,0x000070000948f000)]
=>0x00007fb5a83ef000 JavaThread "rebel-messaging-executor-38" daemon [_thread_in_native, id=25863, stack(0x0000700009189000,0x0000700009289000)]
  0x00007fb5a7151800 JavaThread "rebel-cache-writer" daemon [_thread_blocked, id=24327, stack(0x0000700009086000,0x0000700009186000)]
  0x00007fb5a82e5800 JavaThread "rebel-fsnotify-ShutdownOnTermination" daemon [_thread_blocked, id=27911, stack(0x00007000097c6000,0x00007000098c6000)]
  0x00007fb5a89a9800 JavaThread "rebel-fsnotify-OutputReader" daemon [_thread_blocked, id=29703, stack(0x00007000096c3000,0x00007000097c3000)]
  0x00007fb5a7a02000 JavaThread "rebel-fsnotify-OutputReader" daemon [_thread_blocked, id=28935, stack(0x00007000095c0000,0x00007000096c0000)]
  0x00007fb5a799e800 JavaThread "process reaper" daemon [_thread_in_native, id=27399, stack(0x0000700009595000,0x00007000095bd000)]
  0x00007fb5a81a8800 JavaThread "rebel-CacheKeepAlive" daemon [_thread_blocked, id=26371, stack(0x0000700009492000,0x0000700009592000)]
  0x00007fb5a785d000 JavaThread "rebel-logger" daemon [_thread_blocked, id=23811, stack(0x0000700008f83000,0x0000700009083000)]
  0x00007fb5a8831000 JavaThread "Service Thread" daemon [_thread_blocked, id=22787, stack(0x0000700008d7d000,0x0000700008e7d000)]
  0x00007fb5a7825800 JavaThread "C1 CompilerThread3" daemon [_thread_blocked, id=22275, stack(0x0000700008c7a000,0x0000700008d7a000)]
  0x00007fb5a8828800 JavaThread "C2 CompilerThread2" daemon [_thread_blocked, id=21763, stack(0x0000700008b77000,0x0000700008c77000)]
  0x00007fb5a8809000 JavaThread "C2 CompilerThread1" daemon [_thread_blocked, id=21251, stack(0x0000700008a74000,0x0000700008b74000)]
  0x00007fb5a7824800 JavaThread "C2 CompilerThread0" daemon [_thread_blocked, id=20739, stack(0x0000700008971000,0x0000700008a71000)]
  0x00007fb5a80ae800 JavaThread "JDWP Command Reader" daemon [_thread_in_native, id=20227, stack(0x000070000886e000,0x000070000896e000)]
  0x00007fb5a8808000 JavaThread "JDWP Event Helper Thread" daemon [_thread_blocked, id=19715, stack(0x000070000876b000,0x000070000886b000)]
  0x00007fb5a7812000 JavaThread "JDWP Transport Listener: dt_socket" daemon [_thread_blocked, id=19203, stack(0x0000700008668000,0x0000700008768000)]
  0x00007fb5a8094800 JavaThread "Signal Dispatcher" daemon [_thread_blocked, id=18691, stack(0x0000700008565000,0x0000700008665000)]
  0x00007fb5a7810000 JavaThread "Finalizer" daemon [_thread_blocked, id=14595, stack(0x0000700008462000,0x0000700008562000)]
  0x00007fb5a7805800 JavaThread "Reference Handler" daemon [_thread_blocked, id=14083, stack(0x000070000835f000,0x000070000845f000)]
  0x00007fb5a7023800 JavaThread "main" [_thread_blocked, id=7171, stack(0x0000700007941000,0x0000700007a41000)]

Other Threads:
  0x00007fb5a8088000 VMThread [stack: 0x000070000825c000,0x000070000835c000] [id=13571]
  0x00007fb5a7856800 WatcherThread [stack: 0x0000700008e80000,0x0000700008f80000] [id=23299]

VM state:not at safepoint (normal execution)

VM Mutex/Monitor currently owned by a thread: None

Heap:
 PSYoungGen      total 377344K, used 127612K [0x000000076ab00000, 0x0000000784500000, 0x00000007c0000000)
  eden space 343040K, 37% used [0x000000076ab00000,0x000000077279f2c0,0x000000077fa00000)
  from space 34304K, 0% used [0x0000000782380000,0x0000000782380000,0x0000000784500000)
  to   space 38400K, 0% used [0x000000077fa00000,0x000000077fa00000,0x0000000781f80000)
 ParOldGen       total 443392K, used 72334K [0x00000006c0000000, 0x00000006db100000, 0x000000076ab00000)
  object space 443392K, 16% used [0x00000006c0000000,0x00000006c46a3a60,0x00000006db100000)
 Metaspace       used 93038K, capacity 99528K, committed 99788K, reserved 1136640K
  class space    used 10943K, capacity 12243K, committed 12288K, reserved 1048576K

Card table byte_map: [0x000000010d562000,0x000000010dd63000] byte_map_base: 0x0000000109f62000

Marking Bits: (ParMarkBitMap*) 0x000000010caf0d30
 Begin Bits: [0x0000000121aa7000, 0x0000000125aa7000)
 End Bits:   [0x0000000125aa7000, 0x0000000129aa7000)

Polling page: 0x000000010b057000

CodeCache: size=245760Kb used=25332Kb max_used=43053Kb free=220427Kb
 bounds [0x0000000112aa7000, 0x00000001155c7000, 0x0000000121aa7000]
 total_blobs=11307 nmethods=10785 adapters=441
 compilation: enabled

Compilation events (10 events):
Event: 502.650 Thread 0x00007fb5a8809000 18813   !   4       java.io.ByteArrayInputStream::available (32 bytes)
Event: 502.651 Thread 0x00007fb5a7825800 18814       1       javax.crypto.CryptoPermission::_jr$ig$maxKeySize (5 bytes)
Event: 502.652 Thread 0x00007fb5a7825800 nmethod 18814 0x0000000114e6e690 code [0x0000000114e6e7e0, 0x0000000114e6e8d0]
Event: 502.652 Thread 0x00007fb5a7824800 18815       4       java.lang.Integer::stringSize (21 bytes)
Event: 502.652 Thread 0x00007fb5a8809000 nmethod 18813 0x0000000114e6e290 code [0x0000000114e6e3e0, 0x0000000114e6e5d8]
Event: 502.656 Thread 0x00007fb5a7824800 nmethod 18815 0x0000000114e6dfd0 code [0x0000000114e6e120, 0x0000000114e6e218]
Event: 502.950 Thread 0x00007fb5a7825800 18816       3       java.nio.LongBuffer::<init> (12 bytes)
Event: 502.950 Thread 0x00007fb5a7825800 nmethod 18816 0x0000000115037f90 code [0x0000000115038100, 0x0000000115038348]
Event: 502.950 Thread 0x00007fb5a7825800 18817       3       java.nio.LongBuffer::<init> (22 bytes)
Event: 502.950 Thread 0x00007fb5a7825800 nmethod 18817 0x0000000115037b90 code [0x0000000115037d00, 0x0000000115037ee8]

GC Heap History (10 events):
Event: 33.099 GC heap before
{Heap before GC invocations=22 (full 3):
 PSYoungGen      total 320512K, used 308515K [0x000000076ab00000, 0x0000000780580000, 0x00000007c0000000)
  eden space 292352K, 100% used [0x000000076ab00000,0x000000077c880000,0x000000077c880000)
  from space 28160K, 57% used [0x000000077ea00000,0x000000077f9c8d38,0x0000000780580000)
  to   space 31232K, 0% used [0x000000077c880000,0x000000077c880000,0x000000077e700000)
 ParOldGen       total 305152K, used 49104K [0x00000006c0000000, 0x00000006d2a00000, 0x000000076ab00000)
  object space 305152K, 16% used [0x00000006c0000000,0x00000006c2ff40c0,0x00000006d2a00000)
 Metaspace       used 81422K, capacity 86150K, committed 86360K, reserved 1124352K
  class space    used 9505K, capacity 10503K, committed 10624K, reserved 1048576K
Event: 33.124 GC heap after
Heap after GC invocations=22 (full 3):
 PSYoungGen      total 323584K, used 20352K [0x000000076ab00000, 0x0000000782300000, 0x00000007c0000000)
  eden space 292352K, 0% used [0x000000076ab00000,0x000000076ab00000,0x000000077c880000)
  from space 31232K, 65% used [0x000000077c880000,0x000000077dc603d0,0x000000077e700000)
  to   space 31744K, 0% used [0x0000000780400000,0x0000000780400000,0x0000000782300000)
 ParOldGen       total 305152K, used 49120K [0x00000006c0000000, 0x00000006d2a00000, 0x000000076ab00000)
  object space 305152K, 16% used [0x00000006c0000000,0x00000006c2ff80c0,0x00000006d2a00000)
 Metaspace       used 81422K, capacity 86150K, committed 86360K, reserved 1124352K
  class space    used 9505K, capacity 10503K, committed 10624K, reserved 1048576K
}
Event: 34.444 GC heap before
{Heap before GC invocations=23 (full 3):
 PSYoungGen      total 323584K, used 312704K [0x000000076ab00000, 0x0000000782300000, 0x00000007c0000000)
  eden space 292352K, 100% used [0x000000076ab00000,0x000000077c880000,0x000000077c880000)
  from space 31232K, 65% used [0x000000077c880000,0x000000077dc603d0,0x000000077e700000)
  to   space 31744K, 0% used [0x0000000780400000,0x0000000780400000,0x0000000782300000)
 ParOldGen       total 305152K, used 49120K [0x00000006c0000000, 0x00000006d2a00000, 0x000000076ab00000)
  object space 305152K, 16% used [0x00000006c0000000,0x00000006c2ff80c0,0x00000006d2a00000)
 Metaspace       used 86170K, capacity 91644K, committed 91864K, reserved 1130496K
  class space    used 10097K, capacity 11216K, committed 11264K, reserved 1048576K
Event: 34.467 GC heap after
Heap after GC invocations=23 (full 3):
 PSYoungGen      total 350720K, used 25903K [0x000000076ab00000, 0x0000000782b80000, 0x00000007c0000000)
  eden space 318976K, 0% used [0x000000076ab00000,0x000000076ab00000,0x000000077e280000)
  from space 31744K, 81% used [0x0000000780400000,0x0000000781d4bdf0,0x0000000782300000)
  to   space 34304K, 0% used [0x000000077e280000,0x000000077e280000,0x0000000780400000)
 ParOldGen       total 305152K, used 49128K [0x00000006c0000000, 0x00000006d2a00000, 0x000000076ab00000)
  object space 305152K, 16% used [0x00000006c0000000,0x00000006c2ffa0c0,0x00000006d2a00000)
 Metaspace       used 86170K, capacity 91644K, committed 91864K, reserved 1130496K
  class space    used 10097K, capacity 11216K, committed 11264K, reserved 1048576K
}
Event: 48.545 GC heap before
{Heap before GC invocations=24 (full 3):
 PSYoungGen      total 350720K, used 344879K [0x000000076ab00000, 0x0000000782b80000, 0x00000007c0000000)
  eden space 318976K, 100% used [0x000000076ab00000,0x000000077e280000,0x000000077e280000)
  from space 31744K, 81% used [0x0000000780400000,0x0000000781d4bdf0,0x0000000782300000)
  to   space 34304K, 0% used [0x000000077e280000,0x000000077e280000,0x0000000780400000)
 ParOldGen       total 305152K, used 49128K [0x00000006c0000000, 0x00000006d2a00000, 0x000000076ab00000)
  object space 305152K, 16% used [0x00000006c0000000,0x00000006c2ffa0c0,0x00000006d2a00000)
 Metaspace       used 91648K, capacity 97964K, committed 98136K, reserved 1134592K
  class space    used 10794K, capacity 12046K, committed 12160K, reserved 1048576K
Event: 48.567 GC heap after
Heap after GC invocations=24 (full 3):
 PSYoungGen      total 353280K, used 28971K [0x000000076ab00000, 0x0000000784780000, 0x00000007c0000000)
  eden space 318976K, 0% used [0x000000076ab00000,0x000000076ab00000,0x000000077e280000)
  from space 34304K, 84% used [0x000000077e280000,0x000000077fecae40,0x0000000780400000)
  to   space 36864K, 0% used [0x0000000782380000,0x0000000782380000,0x0000000784780000)
 ParOldGen       total 305152K, used 49136K [0x00000006c0000000, 0x00000006d2a00000, 0x000000076ab00000)
  object space 305152K, 16% used [0x00000006c0000000,0x00000006c2ffc0c0,0x00000006d2a00000)
 Metaspace       used 91648K, capacity 97964K, committed 98136K, reserved 1134592K
  class space    used 10794K, capacity 12046K, committed 12160K, reserved 1048576K
}
Event: 89.857 GC heap before
{Heap before GC invocations=25 (full 3):
 PSYoungGen      total 353280K, used 40681K [0x000000076ab00000, 0x0000000784780000, 0x00000007c0000000)
  eden space 318976K, 3% used [0x000000076ab00000,0x000000076b66f928,0x000000077e280000)
  from space 34304K, 84% used [0x000000077e280000,0x000000077fecae40,0x0000000780400000)
  to   space 36864K, 0% used [0x0000000782380000,0x0000000782380000,0x0000000784780000)
 ParOldGen       total 305152K, used 49136K [0x00000006c0000000, 0x00000006d2a00000, 0x000000076ab00000)
  object space 305152K, 16% used [0x00000006c0000000,0x00000006c2ffc0c0,0x00000006d2a00000)
 Metaspace       used 91923K, capacity 98188K, committed 98380K, reserved 1136640K
  class space    used 10817K, capacity 12078K, committed 12160K, reserved 1048576K
Event: 89.877 GC heap after
Heap after GC invocations=25 (full 3):
 PSYoungGen      total 377344K, used 26626K [0x000000076ab00000, 0x0000000784500000, 0x00000007c0000000)
  eden space 343040K, 0% used [0x000000076ab00000,0x000000076ab00000,0x000000077fa00000)
  from space 34304K, 77% used [0x0000000782380000,0x0000000783d809d0,0x0000000784500000)
  to   space 38400K, 0% used [0x000000077fa00000,0x000000077fa00000,0x0000000781f80000)
 ParOldGen       total 305152K, used 49144K [0x00000006c0000000, 0x00000006d2a00000, 0x000000076ab00000)
  object space 305152K, 16% used [0x00000006c0000000,0x00000006c2ffe0c0,0x00000006d2a00000)
 Metaspace       used 91923K, capacity 98188K, committed 98380K, reserved 1136640K
  class space    used 10817K, capacity 12078K, committed 12160K, reserved 1048576K
}
Event: 89.877 GC heap before
{Heap before GC invocations=26 (full 4):
 PSYoungGen      total 377344K, used 26626K [0x000000076ab00000, 0x0000000784500000, 0x00000007c0000000)
  eden space 343040K, 0% used [0x000000076ab00000,0x000000076ab00000,0x000000077fa00000)
  from space 34304K, 77% used [0x0000000782380000,0x0000000783d809d0,0x0000000784500000)
  to   space 38400K, 0% used [0x000000077fa00000,0x000000077fa00000,0x0000000781f80000)
 ParOldGen       total 305152K, used 49144K [0x00000006c0000000, 0x00000006d2a00000, 0x000000076ab00000)
  object space 305152K, 16% used [0x00000006c0000000,0x00000006c2ffe0c0,0x00000006d2a00000)
 Metaspace       used 91923K, capacity 98188K, committed 98380K, reserved 1136640K
  class space    used 10817K, capacity 12078K, committed 12160K, reserved 1048576K
Event: 90.187 GC heap after
Heap after GC invocations=26 (full 4):
 PSYoungGen      total 377344K, used 0K [0x000000076ab00000, 0x0000000784500000, 0x00000007c0000000)
  eden space 343040K, 0% used [0x000000076ab00000,0x000000076ab00000,0x000000077fa00000)
  from space 34304K, 0% used [0x0000000782380000,0x0000000782380000,0x0000000784500000)
  to   space 38400K, 0% used [0x000000077fa00000,0x000000077fa00000,0x0000000781f80000)
 ParOldGen       total 443392K, used 72334K [0x00000006c0000000, 0x00000006db100000, 0x000000076ab00000)
  object space 443392K, 16% used [0x00000006c0000000,0x00000006c46a3a60,0x00000006db100000)
 Metaspace       used 91923K, capacity 98188K, committed 98380K, reserved 1136640K
  class space    used 10817K, capacity 12078K, committed 12160K, reserved 1048576K
}

Deoptimization events (10 events):
Event: 138.333 Thread 0x00007fb5a83ef000 Uncommon trap: reason=array_check action=maybe_recompile pc=0x000000011413c92c method=com.zeroturnaround.jrebelbase.facade.a.arrayOriginalStore([Ljava/lang/Object;ILjava/lang/Object;)V @ 8
Event: 359.707 Thread 0x00007fb5a754d000 Uncommon trap: reason=unstable_if action=reinterpret pc=0x00000001134a60f4 method=sun.nio.ch.SelectorImpl.processDeregisterQueue()V @ 22
Event: 497.089 Thread 0x00007fb5a90f0800 Uncommon trap: reason=bimorphic action=maybe_recompile pc=0x0000000114c6eb00 method=com.zeroturnaround.javarebel.flp.a(I[CZLcom/zeroturnaround/javarebel/flk;)I @ 70
Event: 497.151 Thread 0x00007fb5a90f0800 Uncommon trap: reason=unstable_if action=reinterpret pc=0x00000001138f6580 method=com.zeroturnaround.javarebel.fme.f()V @ 26
Event: 497.152 Thread 0x00007fb5a90f0800 Uncommon trap: reason=unstable_if action=reinterpret pc=0x0000000115103fe8 method=com.zeroturnaround.javarebel.fme.a()I @ 190
Event: 497.153 Thread 0x00007fb5a90f0800 Uncommon trap: reason=unstable_if action=reinterpret pc=0x00000001151e0324 method=com.zeroturnaround.javarebel.fme.a(Lcom/zeroturnaround/javarebel/fln;)V @ 915
Event: 497.706 Thread 0x00007fb5a90f0800 Uncommon trap: reason=unstable_if action=reinterpret pc=0x0000000113853ab4 method=com.zeroturnaround.javarebel.flq.a(Ljava/lang/String;Ljava/lang/String;Ljava/lang/String;I)V @ 4
Event: 497.782 Thread 0x00007fb5a90f0800 Uncommon trap: reason=unstable_if action=reinterpret pc=0x00000001147793ac method=java.lang.reflect.AccessibleObject._jr$curMem()Ljava/lang/reflect/Member; @ 12
Event: 497.782 Thread 0x00007fb5a90f0800 Uncommon trap: reason=unstable_if action=reinterpret pc=0x00000001137e5d6c method=java.lang.reflect.AccessibleObject._jr$curMem()Ljava/lang/reflect/Member; @ 12
Event: 497.782 Thread 0x00007fb5a90f0800 Uncommon trap: reason=unstable_if action=reinterpret pc=0x0000000113c58164 method=java.lang.reflect.AccessibleObject._jr$curMem()Ljava/lang/reflect/Member; @ 12

Internal exceptions (10 events):
Event: 137.182 Thread 0x00007fb5afd4c800 Exception <a 'java/lang/ClassNotFoundException': org/springframework/amqp/rabbit/connection/ConnectionFactoryCustomizer> (0x0000000770e79000) thrown at [/Users/java_re/workspace/8-2-build-macosx-x86_64/jdk8u121/8372/hotspot/src/share/vm/classfile/systemDi
Event: 137.183 Thread 0x00007fb5afd4c800 Exception <a 'java/lang/ClassNotFoundException': org/springframework/beans/factory/DisposableBeanCustomizer> (0x0000000770ea7020) thrown at [/Users/java_re/workspace/8-2-build-macosx-x86_64/jdk8u121/8372/hotspot/src/share/vm/classfile/systemDictionary.cpp
Event: 137.184 Thread 0x00007fb5afd4c800 Exception <a 'java/lang/ClassNotFoundException': org/springframework/beans/factory/BeanNameAwareCustomizer> (0x0000000770ecdc78) thrown at [/Users/java_re/workspace/8-2-build-macosx-x86_64/jdk8u121/8372/hotspot/src/share/vm/classfile/systemDictionary.cpp,
Event: 137.186 Thread 0x00007fb5afd4c800 Exception <a 'java/lang/ClassNotFoundException': org/springframework/jmx/export/metadata/ManagedAttributeBeanInfo> (0x0000000770f02f08) thrown at [/Users/java_re/workspace/8-2-build-macosx-x86_64/jdk8u121/8372/hotspot/src/share/vm/classfile/systemDictiona
Event: 137.187 Thread 0x00007fb5afd4c800 Exception <a 'java/lang/ClassNotFoundException': org/springframework/jmx/export/metadata/ManagedAttributeCustomizer> (0x0000000770f2cda0) thrown at [/Users/java_re/workspace/8-2-build-macosx-x86_64/jdk8u121/8372/hotspot/src/share/vm/classfile/systemDictio
Event: 137.196 Thread 0x00007fb5afd4c800 Exception <a 'java/lang/ClassNotFoundException': org/springframework/amqp/rabbit/connection/ConnectionFactoryCustomizer> (0x0000000770fd3830) thrown at [/Users/java_re/workspace/8-2-build-macosx-x86_64/jdk8u121/8372/hotspot/src/share/vm/classfile/systemDi
Event: 137.197 Thread 0x00007fb5afd4c800 Exception <a 'java/lang/ClassNotFoundException': org/springframework/beans/factory/DisposableBeanCustomizer> (0x0000000771001050) thrown at [/Users/java_re/workspace/8-2-build-macosx-x86_64/jdk8u121/8372/hotspot/src/share/vm/classfile/systemDictionary.cpp
Event: 137.197 Thread 0x00007fb5afd4c800 Exception <a 'java/lang/ClassNotFoundException': org/springframework/beans/factory/BeanNameAwareCustomizer> (0x0000000771027b20) thrown at [/Users/java_re/workspace/8-2-build-macosx-x86_64/jdk8u121/8372/hotspot/src/share/vm/classfile/systemDictionary.cpp,
Event: 497.681 Thread 0x00007fb5a90f0800 Exception <a 'java/lang/ClassNotFoundException': com/ibm/rmi/io/ObjectStreamClass$ObjectStreamClassCache$ClassToOSCCache> (0x00000007719ff668) thrown at [/Users/java_re/workspace/8-2-build-macosx-x86_64/jdk8u121/8372/hotspot/src/share/vm/classfile/systemD
Event: 505.657 Thread 0x00007fb5a83ef000 Exception <a 'java/net/SocketTimeoutException': Read timed out> (0x00000007727716a8) thrown at [/Users/java_re/workspace/8-2-build-macosx-x86_64/jdk8u121/8372/hotspot/src/share/vm/prims/jni.cpp, line 735]

Events (10 events):
Event: 503.219 Executing VM operation: RevokeBias done
Event: 503.723 Executing VM operation: RevokeBias
Event: 503.723 Executing VM operation: RevokeBias done
Event: 504.227 Executing VM operation: RevokeBias
Event: 504.227 Executing VM operation: RevokeBias done
Event: 504.730 Executing VM operation: RevokeBias
Event: 504.730 Executing VM operation: RevokeBias done
Event: 505.231 Executing VM operation: RevokeBias
Event: 505.231 Executing VM operation: RevokeBias done
Event: 505.657 loading class com/zeroturnaround/javarebel/bik


Dynamic libraries:
0x0000000019eed000 	/System/Library/Frameworks/Cocoa.framework/Versions/A/Cocoa
0x0000000019eed000 	/System/Library/Frameworks/Security.framework/Versions/A/Security
0x0000000019eed000 	/System/Library/Frameworks/ApplicationServices.framework/Versions/A/ApplicationServices
0x0000000019eed000 	/usr/lib/libz.1.dylib
0x0000000019eed000 	/usr/lib/libSystem.B.dylib
0x0000000019eed000 	/usr/lib/libobjc.A.dylib
0x0000000019eed000 	/System/Library/Frameworks/CoreFoundation.framework/Versions/A/CoreFoundation
0x0000000019eed000 	/System/Library/Frameworks/Foundation.framework/Versions/C/Foundation
0x0000000019eed000 	/System/Library/Frameworks/AppKit.framework/Versions/C/AppKit
0x0000000019eed000 	/System/Library/Frameworks/CoreData.framework/Versions/A/CoreData
0x0000000019eed000 	/System/Library/PrivateFrameworks/RemoteViewServices.framework/Versions/A/RemoteViewServices
0x0000000019eed000 	/System/Library/PrivateFrameworks/UIFoundation.framework/Versions/A/UIFoundation
0x0000000019eed000 	/System/Library/PrivateFrameworks/DFRFoundation.framework/Versions/A/DFRFoundation
0x0000000019eed000 	/usr/lib/libenergytrace.dylib
0x0000000019eed000 	/System/Library/PrivateFrameworks/SkyLight.framework/Versions/A/SkyLight
0x0000000019eed000 	/System/Library/Frameworks/CoreGraphics.framework/Versions/A/CoreGraphics
0x0000000019eed000 	/usr/lib/libScreenReader.dylib
0x0000000019eed000 	/System/Library/Frameworks/Accelerate.framework/Versions/A/Accelerate
0x0000000019eed000 	/System/Library/Frameworks/IOSurface.framework/Versions/A/IOSurface
0x0000000019eed000 	/System/Library/Frameworks/AudioToolbox.framework/Versions/A/AudioToolbox
0x0000000019eed000 	/System/Library/Frameworks/AudioUnit.framework/Versions/A/AudioUnit
0x0000000019eed000 	/System/Library/PrivateFrameworks/DataDetectorsCore.framework/Versions/A/DataDetectorsCore
0x0000000019eed000 	/System/Library/PrivateFrameworks/DesktopServicesPriv.framework/Versions/A/DesktopServicesPriv
0x0000000019eed000 	/System/Library/Frameworks/Carbon.framework/Versions/A/Frameworks/HIToolbox.framework/Versions/A/HIToolbox
0x0000000019eed000 	/usr/lib/libicucore.A.dylib
0x0000000019eed000 	/System/Library/Frameworks/QuartzCore.framework/Versions/A/QuartzCore
0x0000000019eed000 	/System/Library/Frameworks/Carbon.framework/Versions/A/Frameworks/SpeechRecognition.framework/Versions/A/SpeechRecognition
0x0000000019eed000 	/usr/lib/libauto.dylib
0x0000000019eed000 	/usr/lib/libxml2.2.dylib
0x0000000019eed000 	/System/Library/PrivateFrameworks/CoreUI.framework/Versions/A/CoreUI
0x0000000019eed000 	/System/Library/Frameworks/CoreAudio.framework/Versions/A/CoreAudio
0x0000000019eed000 	/System/Library/Frameworks/DiskArbitration.framework/Versions/A/DiskArbitration
0x0000000019eed000 	/usr/lib/liblangid.dylib
0x0000000019eed000 	/System/Library/PrivateFrameworks/MultitouchSupport.framework/Versions/A/MultitouchSupport
0x0000000019eed000 	/System/Library/Frameworks/IOKit.framework/Versions/A/IOKit
0x0000000019eed000 	/usr/lib/libDiagnosticMessagesClient.dylib
0x0000000019eed000 	/System/Library/Frameworks/CoreServices.framework/Versions/A/CoreServices
0x0000000019eed000 	/System/Library/PrivateFrameworks/PerformanceAnalysis.framework/Versions/A/PerformanceAnalysis
0x0000000019eed000 	/System/Library/PrivateFrameworks/GenerationalStorage.framework/Versions/A/GenerationalStorage
0x0000000019eed000 	/System/Library/Frameworks/OpenGL.framework/Versions/A/OpenGL
0x0000000019eed000 	/System/Library/Frameworks/CoreImage.framework/Versions/A/CoreImage
0x0000000019eed000 	/System/Library/Frameworks/CoreText.framework/Versions/A/CoreText
0x0000000019eed000 	/System/Library/Frameworks/ImageIO.framework/Versions/A/ImageIO
0x0000000019eed000 	/System/Library/PrivateFrameworks/Backup.framework/Versions/A/Backup
0x0000000019eed000 	/usr/lib/libarchive.2.dylib
0x0000000019eed000 	/System/Library/Frameworks/CFNetwork.framework/Versions/A/CFNetwork
0x0000000019eed000 	/System/Library/Frameworks/SystemConfiguration.framework/Versions/A/SystemConfiguration
0x0000000019eed000 	/usr/lib/libCRFSuite.dylib
0x0000000019eed000 	/usr/lib/libc++.1.dylib
0x0000000019eed000 	/usr/lib/libc++abi.dylib
0x0000000019eed000 	/usr/lib/system/libcache.dylib
0x0000000019eed000 	/usr/lib/system/libcommonCrypto.dylib
0x0000000019eed000 	/usr/lib/system/libcompiler_rt.dylib
0x0000000019eed000 	/usr/lib/system/libcopyfile.dylib
0x0000000019eed000 	/usr/lib/system/libcorecrypto.dylib
0x0000000019eed000 	/usr/lib/system/libdispatch.dylib
0x0000000019eed000 	/usr/lib/system/libdyld.dylib
0x0000000019eed000 	/usr/lib/system/libkeymgr.dylib
0x0000000019eed000 	/usr/lib/system/liblaunch.dylib
0x0000000019eed000 	/usr/lib/system/libmacho.dylib
0x0000000019eed000 	/usr/lib/system/libquarantine.dylib
0x0000000019eed000 	/usr/lib/system/libremovefile.dylib
0x0000000019eed000 	/usr/lib/system/libsystem_asl.dylib
0x0000000019eed000 	/usr/lib/system/libsystem_blocks.dylib
0x0000000019eed000 	/usr/lib/system/libsystem_c.dylib
0x0000000019eed000 	/usr/lib/system/libsystem_configuration.dylib
0x0000000019eed000 	/usr/lib/system/libsystem_coreservices.dylib
0x0000000019eed000 	/usr/lib/system/libsystem_coretls.dylib
0x0000000019eed000 	/usr/lib/system/libsystem_dnssd.dylib
0x0000000019eed000 	/usr/lib/system/libsystem_info.dylib
0x0000000019eed000 	/usr/lib/system/libsystem_kernel.dylib
0x0000000019eed000 	/usr/lib/system/libsystem_m.dylib
0x0000000019eed000 	/usr/lib/system/libsystem_malloc.dylib
0x0000000019eed000 	/usr/lib/system/libsystem_network.dylib
0x0000000019eed000 	/usr/lib/system/libsystem_networkextension.dylib
0x0000000019eed000 	/usr/lib/system/libsystem_notify.dylib
0x0000000019eed000 	/usr/lib/system/libsystem_platform.dylib
0x0000000019eed000 	/usr/lib/system/libsystem_pthread.dylib
0x0000000019eed000 	/usr/lib/system/libsystem_sandbox.dylib
0x0000000019eed000 	/usr/lib/system/libsystem_secinit.dylib
0x0000000019eed000 	/usr/lib/system/libsystem_symptoms.dylib
0x0000000019eed000 	/usr/lib/system/libsystem_trace.dylib
0x0000000019eed000 	/usr/lib/system/libunwind.dylib
0x0000000019eed000 	/usr/lib/system/libxpc.dylib
0x0000000019eed000 	/usr/lib/libbsm.0.dylib
0x0000000019eed000 	/usr/lib/system/libkxld.dylib
0x0000000019eed000 	/usr/lib/libcoretls.dylib
0x0000000019eed000 	/usr/lib/libcoretls_cfhelpers.dylib
0x0000000019eed000 	/usr/lib/libOpenScriptingUtil.dylib
0x0000000019eed000 	/usr/lib/libpam.2.dylib
0x0000000019eed000 	/usr/lib/libsqlite3.dylib
0x0000000019eed000 	/usr/lib/libxar.1.dylib
0x0000000019eed000 	/usr/lib/libbz2.1.0.dylib
0x0000000019eed000 	/usr/lib/liblzma.5.dylib
0x0000000019eed000 	/usr/lib/libnetwork.dylib
0x0000000019eed000 	/usr/lib/libpcap.A.dylib
0x0000000019eed000 	/System/Library/Frameworks/CoreServices.framework/Versions/A/Frameworks/FSEvents.framework/Versions/A/FSEvents
0x0000000019eed000 	/System/Library/Frameworks/CoreServices.framework/Versions/A/Frameworks/CarbonCore.framework/Versions/A/CarbonCore
0x0000000019eed000 	/System/Library/Frameworks/CoreServices.framework/Versions/A/Frameworks/Metadata.framework/Versions/A/Metadata
0x0000000019eed000 	/System/Library/Frameworks/CoreServices.framework/Versions/A/Frameworks/OSServices.framework/Versions/A/OSServices
0x0000000019eed000 	/System/Library/Frameworks/CoreServices.framework/Versions/A/Frameworks/SearchKit.framework/Versions/A/SearchKit
0x0000000019eed000 	/System/Library/Frameworks/CoreServices.framework/Versions/A/Frameworks/AE.framework/Versions/A/AE
0x0000000019eed000 	/System/Library/Frameworks/CoreServices.framework/Versions/A/Frameworks/LaunchServices.framework/Versions/A/LaunchServices
0x0000000019eed000 	/System/Library/Frameworks/CoreServices.framework/Versions/A/Frameworks/DictionaryServices.framework/Versions/A/DictionaryServices
0x0000000019eed000 	/System/Library/Frameworks/CoreServices.framework/Versions/A/Frameworks/SharedFileList.framework/Versions/A/SharedFileList
0x0000000019eed000 	/System/Library/Frameworks/NetFS.framework/Versions/A/NetFS
0x0000000019eed000 	/System/Library/PrivateFrameworks/NetAuth.framework/Versions/A/NetAuth
0x0000000019eed000 	/System/Library/PrivateFrameworks/login.framework/Versions/A/Frameworks/loginsupport.framework/Versions/A/loginsupport
0x0000000019eed000 	/System/Library/PrivateFrameworks/TCC.framework/Versions/A/TCC
0x0000000019eed000 	/usr/lib/libmecabra.dylib
0x0000000019eed000 	/System/Library/Frameworks/ApplicationServices.framework/Versions/A/Frameworks/ATS.framework/Versions/A/ATS
0x0000000019eed000 	/System/Library/Frameworks/ApplicationServices.framework/Versions/A/Frameworks/ColorSync.framework/Versions/A/ColorSync
0x0000000019eed000 	/System/Library/Frameworks/ApplicationServices.framework/Versions/A/Frameworks/HIServices.framework/Versions/A/HIServices
0x0000000019eed000 	/System/Library/Frameworks/ApplicationServices.framework/Versions/A/Frameworks/LangAnalysis.framework/Versions/A/LangAnalysis
0x0000000019eed000 	/System/Library/Frameworks/ApplicationServices.framework/Versions/A/Frameworks/PrintCore.framework/Versions/A/PrintCore
0x0000000019eed000 	/System/Library/Frameworks/ApplicationServices.framework/Versions/A/Frameworks/QD.framework/Versions/A/QD
0x0000000019eed000 	/System/Library/Frameworks/ApplicationServices.framework/Versions/A/Frameworks/SpeechSynthesis.framework/Versions/A/SpeechSynthesis
0x0000000019eed000 	/System/Library/Frameworks/Accelerate.framework/Versions/A/Frameworks/vImage.framework/Versions/A/vImage
0x0000000019eed000 	/System/Library/Frameworks/Accelerate.framework/Versions/A/Frameworks/vecLib.framework/Versions/A/vecLib
0x0000000019eed000 	/System/Library/Frameworks/Accelerate.framework/Versions/A/Frameworks/vecLib.framework/Versions/A/libvDSP.dylib
0x0000000019eed000 	/System/Library/Frameworks/Accelerate.framework/Versions/A/Frameworks/vecLib.framework/Versions/A/libBNNS.dylib
0x0000000019eed000 	/System/Library/Frameworks/Accelerate.framework/Versions/A/Frameworks/vecLib.framework/Versions/A/libQuadrature.dylib
0x0000000019eed000 	/System/Library/Frameworks/Accelerate.framework/Versions/A/Frameworks/vecLib.framework/Versions/A/libvMisc.dylib
0x0000000019eed000 	/System/Library/Frameworks/Accelerate.framework/Versions/A/Frameworks/vecLib.framework/Versions/A/libLAPACK.dylib
0x0000000019eed000 	/System/Library/Frameworks/Accelerate.framework/Versions/A/Frameworks/vecLib.framework/Versions/A/libBLAS.dylib
0x0000000019eed000 	/System/Library/Frameworks/Accelerate.framework/Versions/A/Frameworks/vecLib.framework/Versions/A/libLinearAlgebra.dylib
0x0000000019eed000 	/System/Library/Frameworks/Accelerate.framework/Versions/A/Frameworks/vecLib.framework/Versions/A/libSparseBLAS.dylib
0x0000000019eed000 	/System/Library/Frameworks/ApplicationServices.framework/Versions/A/Frameworks/ATS.framework/Versions/A/Resources/libFontParser.dylib
0x0000000019eed000 	/System/Library/Frameworks/ApplicationServices.framework/Versions/A/Frameworks/ATS.framework/Versions/A/Resources/libFontRegistry.dylib
0x0000000019eed000 	/System/Library/Frameworks/ImageIO.framework/Versions/A/Resources/libJPEG.dylib
0x0000000019eed000 	/System/Library/Frameworks/ImageIO.framework/Versions/A/Resources/libTIFF.dylib
0x0000000019eed000 	/System/Library/Frameworks/ImageIO.framework/Versions/A/Resources/libPng.dylib
0x0000000019eed000 	/System/Library/Frameworks/ImageIO.framework/Versions/A/Resources/libGIF.dylib
0x0000000019eed000 	/System/Library/Frameworks/ImageIO.framework/Versions/A/Resources/libJP2.dylib
0x0000000019eed000 	/System/Library/Frameworks/ImageIO.framework/Versions/A/Resources/libRadiance.dylib
0x0000000019eed000 	/usr/lib/libcompression.dylib
0x0000000019eed000 	/System/Library/PrivateFrameworks/AppleJPEG.framework/Versions/A/AppleJPEG
0x0000000019eed000 	/usr/lib/libcups.2.dylib
0x0000000019eed000 	/System/Library/Frameworks/Kerberos.framework/Versions/A/Kerberos
0x0000000019eed000 	/System/Library/Frameworks/GSS.framework/Versions/A/GSS
0x0000000019eed000 	/usr/lib/libresolv.9.dylib
0x0000000019eed000 	/usr/lib/libiconv.2.dylib
0x0000000019eed000 	/System/Library/PrivateFrameworks/Heimdal.framework/Versions/A/Heimdal
0x0000000019eed000 	/usr/lib/libheimdal-asn1.dylib
0x0000000019eed000 	/System/Library/Frameworks/OpenDirectory.framework/Versions/A/OpenDirectory
0x0000000019eed000 	/System/Library/PrivateFrameworks/CommonAuth.framework/Versions/A/CommonAuth
0x0000000019eed000 	/System/Library/Frameworks/OpenDirectory.framework/Versions/A/Frameworks/CFOpenDirectory.framework/Versions/A/CFOpenDirectory
0x0000000019eed000 	/System/Library/Frameworks/SecurityFoundation.framework/Versions/A/SecurityFoundation
0x0000000019eed000 	/System/Library/PrivateFrameworks/LanguageModeling.framework/Versions/A/LanguageModeling
0x0000000019eed000 	/usr/lib/libmarisa.dylib
0x0000000019eed000 	/usr/lib/libChineseTokenizer.dylib
0x0000000019eed000 	/usr/lib/libcmph.dylib
0x0000000019eed000 	/System/Library/PrivateFrameworks/CoreEmoji.framework/Versions/A/CoreEmoji
0x0000000019eed000 	/System/Library/Frameworks/ServiceManagement.framework/Versions/A/ServiceManagement
0x0000000019eed000 	/usr/lib/libxslt.1.dylib
0x0000000019eed000 	/System/Library/Frameworks/Carbon.framework/Versions/A/Frameworks/Ink.framework/Versions/A/Ink
0x0000000019eed000 	/System/Library/PrivateFrameworks/TextureIO.framework/Versions/A/TextureIO
0x0000000019eed000 	/System/Library/Frameworks/Metal.framework/Versions/A/Metal
0x0000000019eed000 	/usr/lib/libate.dylib
0x0000000019eed000 	/System/Library/PrivateFrameworks/GPUCompiler.framework/libmetal_timestamp.dylib
0x0000000019eed000 	/System/Library/Frameworks/OpenGL.framework/Versions/A/Libraries/libCoreFSCache.dylib
0x0000000019eed000 	/System/Library/PrivateFrameworks/IOAccelerator.framework/Versions/A/IOAccelerator
0x0000000019eed000 	/System/Library/Frameworks/CoreVideo.framework/Versions/A/CoreVideo
0x0000000019eed000 	/usr/lib/libFosl_dynamic.dylib
0x0000000019eed000 	/System/Library/PrivateFrameworks/MetalPerformanceShaders.framework/Versions/A/MetalPerformanceShaders
0x0000000019eed000 	/System/Library/PrivateFrameworks/FaceCore.framework/Versions/A/FaceCore
0x0000000019eed000 	/System/Library/Frameworks/OpenCL.framework/Versions/A/OpenCL
0x0000000019eed000 	/System/Library/Frameworks/OpenGL.framework/Versions/A/Libraries/libGLU.dylib
0x0000000019eed000 	/System/Library/Frameworks/OpenGL.framework/Versions/A/Libraries/libGFXShared.dylib
0x0000000019eed000 	/System/Library/Frameworks/OpenGL.framework/Versions/A/Libraries/libGL.dylib
0x0000000019eed000 	/System/Library/Frameworks/OpenGL.framework/Versions/A/Libraries/libGLImage.dylib
0x0000000019eed000 	/System/Library/Frameworks/OpenGL.framework/Versions/A/Libraries/libCVMSPluginSupport.dylib
0x0000000019eed000 	/System/Library/Frameworks/OpenGL.framework/Versions/A/Libraries/libCoreVMClient.dylib
0x0000000019eed000 	/System/Library/PrivateFrameworks/CrashReporterSupport.framework/Versions/A/CrashReporterSupport
0x0000000019eed000 	/System/Library/PrivateFrameworks/Sharing.framework/Versions/A/Sharing
0x0000000019eed000 	/System/Library/PrivateFrameworks/IconServices.framework/Versions/A/IconServices
0x0000000019eed000 	/System/Library/PrivateFrameworks/ProtocolBuffer.framework/Versions/A/ProtocolBuffer
0x0000000019eed000 	/System/Library/PrivateFrameworks/Apple80211.framework/Versions/A/Apple80211
0x0000000019eed000 	/System/Library/Frameworks/CoreWLAN.framework/Versions/A/CoreWLAN
0x0000000019eed000 	/System/Library/PrivateFrameworks/CoreUtils.framework/Versions/A/CoreUtils
0x0000000019eed000 	/System/Library/Frameworks/IOBluetooth.framework/Versions/A/IOBluetooth
0x0000000019eed000 	/System/Library/PrivateFrameworks/CoreWiFi.framework/Versions/A/CoreWiFi
0x0000000019eed000 	/System/Library/Frameworks/CoreBluetooth.framework/Versions/A/CoreBluetooth
0x0000000019eed000 	/System/Library/Frameworks/CoreDisplay.framework/Versions/A/CoreDisplay
0x0000000019eed000 	/System/Library/PrivateFrameworks/IOPresentment.framework/Versions/A/IOPresentment
0x0000000019eed000 	/System/Library/PrivateFrameworks/DSExternalDisplay.framework/Versions/A/DSExternalDisplay
0x0000000019eed000 	/System/Library/PrivateFrameworks/DebugSymbols.framework/Versions/A/DebugSymbols
0x0000000019eed000 	/System/Library/PrivateFrameworks/CoreSymbolication.framework/Versions/A/CoreSymbolication
0x0000000019eed000 	/System/Library/PrivateFrameworks/Symbolication.framework/Versions/A/Symbolication
0x0000000019eed000 	/System/Library/PrivateFrameworks/AppleFSCompression.framework/Versions/A/AppleFSCompression
0x0000000019eed000 	/System/Library/PrivateFrameworks/SpeechRecognitionCore.framework/Versions/A/SpeechRecognitionCore
0x0000000019eed000 	/System/Library/PrivateFrameworks/ChunkingLibrary.framework/Versions/A/ChunkingLibrary
0x000000010afd0000 	/System/Library/CoreServices/Encodings/libSimplifiedChineseConverter.dylib
0x000000010c200000 	/Library/Java/JavaVirtualMachines/jdk1.8.0_121.jdk/Contents/Home/jre/lib/server/libjvm.dylib
0x0000000019eed000 	/usr/lib/libstdc++.6.dylib
0x000000010b014000 	/Library/Java/JavaVirtualMachines/jdk1.8.0_121.jdk/Contents/Home/jre/lib/libverify.dylib
0x000000010b022000 	/Library/Java/JavaVirtualMachines/jdk1.8.0_121.jdk/Contents/Home/jre/lib/libjava.dylib
0x000000010b058000 	/Library/Java/JavaVirtualMachines/jdk1.8.0_121.jdk/Contents/Home/jre/lib/libjdwp.dylib
0x000000010b0a3000 	/Library/Java/JavaVirtualMachines/jdk1.8.0_121.jdk/Contents/Home/jre/lib/libnpt.dylib
0x000000010b0a7000 	/var/folders/hq/s62mthj51jj25jl3pnkf2ymc0000gn/T/jrebel6-temp/lib/libjrebel64.dylib
0x000000010b18e000 	/Library/Java/JavaVirtualMachines/jdk1.8.0_121.jdk/Contents/Home/jre/lib/libzip.dylib
0x000000011128f000 	/System/Library/Frameworks/JavaVM.framework/Frameworks/JavaRuntimeSupport.framework/JavaRuntimeSupport
0x000000010b1e7000 	/System/Library/Frameworks/JavaVM.framework/Versions/A/Frameworks/JavaNativeFoundation.framework/Versions/A/JavaNativeFoundation
0x00000001112a9000 	/System/Library/Frameworks/JavaVM.framework/Versions/A/JavaVM
0x0000000019eed000 	/System/Library/Frameworks/Carbon.framework/Versions/A/Carbon
0x00000001112b6000 	/System/Library/PrivateFrameworks/JavaLaunching.framework/Versions/A/JavaLaunching
0x0000000019eed000 	/System/Library/Frameworks/Carbon.framework/Versions/A/Frameworks/CommonPanels.framework/Versions/A/CommonPanels
0x0000000019eed000 	/System/Library/Frameworks/Carbon.framework/Versions/A/Frameworks/Help.framework/Versions/A/Help
0x0000000019eed000 	/System/Library/Frameworks/Carbon.framework/Versions/A/Frameworks/ImageCapture.framework/Versions/A/ImageCapture
0x0000000019eed000 	/System/Library/Frameworks/Carbon.framework/Versions/A/Frameworks/OpenScripting.framework/Versions/A/OpenScripting
0x0000000019eed000 	/System/Library/Frameworks/Carbon.framework/Versions/A/Frameworks/Print.framework/Versions/A/Print
0x0000000019eed000 	/System/Library/Frameworks/Carbon.framework/Versions/A/Frameworks/SecurityHI.framework/Versions/A/SecurityHI
0x0000000111306000 	/Library/Java/JavaVirtualMachines/jdk1.8.0_121.jdk/Contents/Home/jre/lib/libdt_socket.dylib
0x0000000111313000 	/Library/Java/JavaVirtualMachines/jdk1.8.0_121.jdk/Contents/Home/jre/lib/libmanagement.dylib
0x0000000111347000 	/Library/Java/JavaVirtualMachines/jdk1.8.0_121.jdk/Contents/Home/jre/lib/libnet.dylib
0x00000001113a6000 	/Library/Java/JavaVirtualMachines/jdk1.8.0_121.jdk/Contents/Home/jre/lib/libnio.dylib
0x00000001119a8000 	/Library/Java/JavaVirtualMachines/jdk1.8.0_121.jdk/Contents/Home/jre/lib/libsunec.dylib

VM Arguments:
jvm_args: -agentlib:jdwp=transport=dt_socket,address=127.0.0.1:50247,suspend=y,server=n -Drebel.base=/Users/lyl/.jrebel -Drebel.env.ide.plugin.version=7.0.10 -Drebel.env.ide.version=2017.1.1 -Drebel.env.ide.product=IU -Drebel.env.ide=intellij -Drebel.notification.url=http://localhost:17434 -agentpath:/var/folders/hq/s62mthj51jj25jl3pnkf2ymc0000gn/T/jrebel6-temp/lib/libjrebel64.dylib -Dmaven.multiModuleProjectDirectory=/Users/lyl/Documents/springboot/stock/stock-web -Dmaven.home=/Applications/IntelliJ IDEA.app/Contents/plugins/maven/lib/maven3 -Dclassworlds.conf=/Applications/IntelliJ IDEA.app/Contents/plugins/maven/lib/maven3/bin/m2.conf -Dfile.encoding=UTF-8 
java_command: org.codehaus.classworlds.Launcher -Didea.version=2017.1.1 -Dmaven.repo.local=/Users/lyl/Documents/repository spring-boot:run
java_class_path (initial): /Applications/IntelliJ IDEA.app/Contents/plugins/maven/lib/maven3/boot/plexus-classworlds-2.5.2.jar:/Applications/IntelliJ IDEA.app/Contents/lib/idea_rt.jar
Launcher Type: SUN_STANDARD

Environment Variables:
PATH=/Library/Frameworks/Python.framework/Versions/3.6/bin:/Library/Frameworks/Python.framework/Versions/3.6/bin:/usr/bin:/bin:/usr/sbin:/sbin:/usr/local/bin:/Users/lyl/Documents/maven/bin:/usr/local/sbin
SHELL=/bin/bash

Signal Handlers:
SIGSEGV: [libjvm.dylib+0x5b1141], sa_mask[0]=11111111011111110111111111111111, sa_flags=SA_ONSTACK|SA_RESTART|SA_SIGINFO
SIGBUS: [libjvm.dylib+0x5b1141], sa_mask[0]=11111111011111110111111111111111, sa_flags=SA_RESTART|SA_SIGINFO
SIGFPE: [libjvm.dylib+0x487bc4], sa_mask[0]=11111111011111110111111111111111, sa_flags=SA_RESTART|SA_SIGINFO
SIGPIPE: [libjvm.dylib+0x487bc4], sa_mask[0]=11111111011111110111111111111111, sa_flags=SA_RESTART|SA_SIGINFO
SIGXFSZ: [libjvm.dylib+0x487bc4], sa_mask[0]=11111111011111110111111111111111, sa_flags=SA_RESTART|SA_SIGINFO
SIGILL: [libjvm.dylib+0x487bc4], sa_mask[0]=11111111011111110111111111111111, sa_flags=SA_RESTART|SA_SIGINFO
SIGUSR1: SIG_DFL, sa_mask[0]=00000000000000000000000000000000, sa_flags=none
SIGUSR2: [libjvm.dylib+0x4876e2], sa_mask[0]=00100000000000000000000000000000, sa_flags=SA_RESTART|SA_SIGINFO
SIGHUP: [libjvm.dylib+0x485cb9], sa_mask[0]=11111111011111110111111111111111, sa_flags=SA_RESTART|SA_SIGINFO
SIGINT: [libjvm.dylib+0x485cb9], sa_mask[0]=11111111011111110111111111111111, sa_flags=SA_RESTART|SA_SIGINFO
SIGTERM: [libjvm.dylib+0x485cb9], sa_mask[0]=11111111011111110111111111111111, sa_flags=SA_RESTART|SA_SIGINFO
SIGQUIT: [libjvm.dylib+0x485cb9], sa_mask[0]=11111111011111110111111111111111, sa_flags=SA_RESTART|SA_SIGINFO


---------------  S Y S T E M  ---------------

OS:Bsduname:Darwin 16.7.0 Darwin Kernel Version 16.7.0: Thu Jun 15 17:36:27 PDT 2017; root:xnu-3789.70.16~2/RELEASE_X86_64 x86_64
rlimit: STACK 8192k, CORE 0k, NPROC 709, NOFILE 10240, AS infinity
load average:3.60 3.03 2.66

CPU:total 8 (4 cores per cpu, 2 threads per core) family 6 model 70 stepping 1, cmov, cx8, fxsr, mmx, sse, sse2, sse3, ssse3, sse4.1, sse4.2, popcnt, avx, avx2, aes, clmul, erms, rtm, lzcnt, ht, tsc, tscinvbit, bmi1, bmi2

Memory: 4k page, physical 16777216k(427976k free)

/proc/meminfo:


vm_info: Java HotSpot(TM) 64-Bit Server VM (25.121-b13) for bsd-amd64 JRE (1.8.0_121-b13), built on Dec 12 2016 20:39:32 by "java_re" with gcc 4.2.1 (Based on Apple Inc. build 5658) (LLVM build 2336.11.00)

time: Sun Oct 29 14:36:50 2017
elapsed time: 505 seconds (0d 0h 8m 25s)

